2019-12-17 00:56:41,655 reid_baseline INFO: Using 1 GPUS
2019-12-17 00:56:41,655 reid_baseline INFO: Namespace(config_file='configs/softmax_triplet.yml', opts=['DATASETS.TEST_NAMES', 'competition1910', 'MODEL.NAME', 'aligned_resnet101_ibn', 'MODEL.BACKBONE', 'aligned_resnet101', 'MODEL.WITH_IBN', 'True', 'TEST.WEIGHT', '/Volumes/Data/比赛/行人重识别2019/logs/competition1910/aligned_resnet101_ibn_bs63/ckpts/model_best.pth', 'DATASETS.PRELOAD_IMAGE', 'False'], test_phase=True)
2019-12-17 00:56:41,655 reid_baseline INFO: Loaded configuration file configs/softmax_triplet.yml
2019-12-17 00:56:41,656 reid_baseline INFO: Running with config:
DATALOADER:
  MAX_INSTANCE: 50
  NUM_INSTANCE: 3
  NUM_WORKERS: 4
  SAMPLER: triplet
DATASETS:
  NAMES: ('market1501',)
  PRELOAD_IMAGE: False
  ROOT_DIR: /Volumes/Data/比赛/行人重识别2019/data
  TEST_NAMES: competition1910
INPUT:
  DO_FLIP: True
  DO_LIGHTING: False
  DO_PAD: True
  DO_RE: True
  FLIP_PROB: 0.5
  MAX_LIGHTING: 0.2
  PADDING: 10
  PADDING_MODE: constant
  PIXEL_MEAN: [0.2493, 0.2129, 0.167]
  PIXEL_STD: [0.2679, 0.2071, 0.2105]
  P_LIGHTING: 0.75
  RE_PROB: 0.5
  SIZE_TEST: [256, 128]
  SIZE_TRAIN: [256, 128]
MODEL:
  BACKBONE: aligned_resnet101
  CHECKPOINT: 
  DIST_BACKEND: dp
  GCB:
    ratio: 0.0625
  LAST_STRIDE: 1
  NAME: aligned_resnet101_ibn
  OF_START_EPOCH: 33
  PRETRAIN: False
  PRETRAIN_PATH: 
  STAGE_WITH_GCB: (False, False, False, False)
  VERSION: 
  WITH_IBN: True
OUTPUT_DIR: /Volumes/Data/比赛/行人重识别2019/logs/
SOLVER:
  BASE_LR: 0.0004
  BIAS_LR_FACTOR: 1
  DIST: False
  EVAL_PERIOD: 10
  GAMMA: 0.1
  IMS_PER_BATCH: 63
  LABEL_SMOOTH: False
  LOG_INTERVAL: 30
  LOSSTYPE: ('softmax', 'triplet')
  MARGIN: 0.3
  MAX_EPOCHS: 120
  MOMENTUM: 0.9
  OPT: adam
  STEPS: (40, 90)
  WARMUP_FACTOR: 0.01
  WARMUP_ITERS: 10
  WARMUP_METHOD: linear
  WEIGHT_DECAY: 0.0005
  WEIGHT_DECAY_BIAS: 0.0005
TEST:
  DISTMAT1: 
  DISTMAT10: 
  DISTMAT11: 
  DISTMAT12: 
  DISTMAT13: 
  DISTMAT14: 
  DISTMAT15: 
  DISTMAT16: 
  DISTMAT17: 
  DISTMAT18: 
  DISTMAT2: 
  DISTMAT3: 
  DISTMAT4: 
  DISTMAT5: 
  DISTMAT6: 
  DISTMAT7: 
  DISTMAT8: 
  DISTMAT9: 
  IMS_PER_BATCH: 64
  NORM: True
  WEIGHT: /Volumes/Data/比赛/行人重识别2019/logs/competition1910/aligned_resnet101_ibn_bs63/ckpts/model_best.pth
